Arguments: 
  C:\Program Files\nodejs\node.exe C:\Users\Home\AppData\Roaming\npm\node_modules\yarn\bin\yarn.js add expo-image-picker@10.2.3

PATH: 
  C:\Program Files (x86)\Common Files\Oracle\Java\javapath;C:\WINDOWS\system32;C:\WINDOWS;C:\WINDOWS\System32\Wbem;C:\WINDOWS\System32\WindowsPowerShell\v1.0\;C:\WINDOWS\System32\OpenSSH\;C:\Program Files\Git\cmd;C:\Users\Home\AppData\Roaming\nvm;C:\Program Files\nodejs;C:\Program Files\PuTTY\;C:\Program Files (x86)\Bitvise SSH Client;F:\xampp\php;C:\composer;D:\Android\AndroidSDK\platform-tools;C:\Ruby27-x64\bin;C:\Users\Home\AppData\Local\Microsoft\WindowsApps;C:\Users\Home\AppData\Roaming\npm;C:\Users\Home\AppData\Roaming\nvm;C:\Program Files\nodejs;C:\Users\Home\AppData\Local\Programs\Microsoft VS Code\bin;C:\Users\Home\AppData\Roaming\Composer\vendor\bin

Yarn version: 
  1.22.11

Node version: 
  16.13.1

Platform: 
  win32 x64

Trace: 
  Error: connect ECONNABORTED 104.16.21.35:443
      at TCPConnectWrap.afterConnect [as oncomplete] (node:net:1161:16)

npm manifest: 
  {
    "main": "node_modules/expo/AppEntry.js",
    "scripts": {
      "start": "expo start",
      "android": "expo start --android",
      "ios": "expo start --ios",
      "web": "expo start --web",
      "publish": "expo publish",
      "eject": "expo eject",
      "test": "jest --watchAll"
    },
    "jest": {
      "preset": "jest-expo"
    },
    "dependencies": {
      "@expo/vector-icons": "^12.0.0",
      "@react-native-async-storage/async-storage": "^1.15.9",
      "@react-navigation/bottom-tabs": "^6.0.5",
      "@react-navigation/native": "^6.0.2",
      "@react-navigation/native-stack": "^6.1.0",
      "@supabase/supabase-js": "^1.24.0",
      "dotenv": "^10.0.0",
      "expo": "~42.0.1",
      "expo-asset": "~8.3.2",
      "expo-constants": "~11.0.1",
      "expo-font": "9.2.1",
      "expo-image-manipulator": "9.2.2",
      "expo-image-picker": "10.2.2",
      "expo-linking": "~2.3.1",
      "expo-splash-screen": "~0.11.2",
      "expo-status-bar": "~1.0.4",
      "expo-web-browser": "~9.2.0",
      "firebase": "8.2.3",
      "lodash": "^4.17.21",
      "native-base": "^3.2.0",
      "react": "16.13.1",
      "react-dom": "16.13.1",
      "react-native": "https://github.com/expo/react-native/archive/sdk-42.0.0.tar.gz",
      "react-native-app-intro-slider": "^4.0.4",
      "react-native-elements": "^3.4.2",
      "react-native-floating-label-input": "^1.3.11",
      "react-native-gesture-handler": "~1.10.2",
      "react-native-gifted-chat": "^0.16.3",
      "react-native-gradient-buttons": "^2.0.2",
      "react-native-loading-spinner-overlay": "^2.0.0",
      "react-native-maps": "0.28.0",
      "react-native-pager-view": "5.0.12",
      "react-native-paper": "^4.10.1",
      "react-native-reanimated": "~2.2.0",
      "react-native-safe-area-context": "3.2.0",
      "react-native-screens": "~3.4.0",
      "react-native-svg": "12.1.1",
      "react-native-svg-transformer": "^0.14.3",
      "react-native-svg-uri": "^1.2.3",
      "react-native-tab-view": "^3.1.1",
      "react-native-url-polyfill": "^1.3.0",
      "react-native-web": "0.13.12",
      "styled-components": "^5.3.1",
      "styled-system": "^5.1.5"
    },
    "devDependencies": {
      "@babel/core": "^7.9.0",
      "@types/react": "~16.9.35",
      "@types/react-native": "~0.63.2",
      "@types/react-native-dotenv": "^0.2.0",
      "jest-expo": "~41.0.0-beta.0",
      "typescript": "~4.0.0"
    },
    "private": true
  }

yarn manifest: 
  No manifest

Lockfile: 
  No lockfile
